2020-02-24 13:14:39.429 [main] INFO  com.unclezs.permission.AppRunner - Starting AppRunner on DESKTOP-GFJPO3T with PID 20588 (D:\java\permission\permission-server\target\classes started by uncle in D:\java\permission\permission-server)
2020-02-24 13:14:39.433 [main] INFO  com.unclezs.permission.AppRunner - The following profiles are active: dev
2020-02-24 13:14:40.150 [main] INFO  o.s.d.r.config.RepositoryConfigurationDelegate - Multiple Spring Data modules found, entering strict repository configuration mode!
2020-02-24 13:14:40.152 [main] INFO  o.s.d.r.config.RepositoryConfigurationDelegate - Bootstrapping Spring Data Redis repositories in DEFAULT mode.
2020-02-24 13:14:40.185 [main] INFO  o.s.d.r.config.RepositoryConfigurationDelegate - Finished Spring Data repository scanning in 20ms. Found 0 Redis repository interfaces.
2020-02-24 13:14:40.541 [main] INFO  o.s.c.s.PostProcessorRegistrationDelegate$BeanPostProcessorChecker - Bean 'org.springframework.transaction.annotation.ProxyTransactionManagementConfiguration' of type [org.springframework.transaction.annotation.ProxyTransactionManagementConfiguration] is not eligible for getting processed by all BeanPostProcessors (for example: not eligible for auto-proxying)
2020-02-24 13:14:40.772 [main] INFO  o.s.boot.web.embedded.tomcat.TomcatWebServer - Tomcat initialized with port(s): 8887 (http)
2020-02-24 13:14:40.779 [main] INFO  org.apache.coyote.http11.Http11NioProtocol - Initializing ProtocolHandler ["http-nio-8887"]
2020-02-24 13:14:40.779 [main] INFO  org.apache.catalina.core.StandardService - Starting service [Tomcat]
2020-02-24 13:14:40.780 [main] INFO  org.apache.catalina.core.StandardEngine - Starting Servlet engine: [Apache Tomcat/9.0.30]
2020-02-24 13:14:40.850 [main] INFO  o.a.c.core.ContainerBase.[Tomcat].[localhost].[/] - Initializing Spring embedded WebApplicationContext
2020-02-24 13:14:40.850 [main] INFO  org.springframework.web.context.ContextLoader - Root WebApplicationContext: initialization completed in 1388 ms
2020-02-24 13:14:40.958 [main] INFO  c.a.d.s.b.a.DruidDataSourceAutoConfigure - Init DruidDataSource
2020-02-24 13:14:41.069 [main] INFO  com.alibaba.druid.pool.DruidDataSource - {dataSource-1} inited
2020-02-24 13:14:42.259 [main] INFO  s.d.s.w.PropertySourcedRequestMappingHandlerMapping - Mapped URL path [/v2/api-docs] onto method [springfox.documentation.swagger2.web.Swagger2Controller#getDocumentation(String, HttpServletRequest)]
2020-02-24 13:14:42.351 [main] INFO  o.s.scheduling.concurrent.ThreadPoolTaskExecutor - Initializing ExecutorService 'applicationTaskExecutor'
2020-02-24 13:14:42.843 [main] INFO  o.s.security.web.DefaultSecurityFilterChain - Creating filter chain: any request, [org.springframework.security.web.context.request.async.WebAsyncManagerIntegrationFilter@6e66b498, org.springframework.security.web.context.SecurityContextPersistenceFilter@2524d07a, org.springframework.security.web.header.HeaderWriterFilter@1ad1f167, org.springframework.security.web.authentication.logout.LogoutFilter@23954300, com.unclezs.permission.config.security.filter.NamePwdAuthenticationFilter@2326180c, org.springframework.security.web.authentication.UsernamePasswordAuthenticationFilter@77b22b05, org.springframework.security.web.savedrequest.RequestCacheAwareFilter@554d040d, org.springframework.security.web.servletapi.SecurityContextHolderAwareRequestFilter@1dd247b, org.springframework.security.web.authentication.AnonymousAuthenticationFilter@54d35ed5, org.springframework.security.web.session.SessionManagementFilter@3d2b13b1, org.springframework.security.web.access.ExceptionTranslationFilter@4822ab4d, org.springframework.security.web.access.intercept.FilterSecurityInterceptor@6604f246]
2020-02-24 13:14:42.892 [main] INFO  s.d.s.web.plugins.DocumentationPluginsBootstrapper - Context refreshed
2020-02-24 13:14:42.904 [main] INFO  s.d.s.web.plugins.DocumentationPluginsBootstrapper - Found 1 custom documentation plugin(s)
2020-02-24 13:14:42.928 [main] INFO  s.d.spring.web.scanners.ApiListingReferenceScanner - Scanning for api listing references
2020-02-24 13:14:43.067 [main] INFO  org.apache.coyote.http11.Http11NioProtocol - Starting ProtocolHandler ["http-nio-8887"]
2020-02-24 13:14:43.083 [main] INFO  o.s.boot.web.embedded.tomcat.TomcatWebServer - Tomcat started on port(s): 8887 (http) with context path ''
2020-02-24 13:14:43.085 [main] INFO  com.unclezs.permission.AppRunner - Started AppRunner in 4.171 seconds (JVM running for 5.02)
2020-02-24 13:15:40.639 [SpringContextShutdownHook] INFO  o.s.scheduling.concurrent.ThreadPoolTaskExecutor - Shutting down ExecutorService 'applicationTaskExecutor'
2020-02-24 13:15:40.641 [SpringContextShutdownHook] INFO  com.alibaba.druid.pool.DruidDataSource - {dataSource-1} closed
